2022-11-29 22:29:47,926 INFO [geoserver.platform] - Falling back to embedded data directory: /usr/local/tomcat/webapps/geoserver/data
2022-11-29 22:29:47,940 INFO [geoserver.platform] - Falling back to embedded data directory: /usr/local/tomcat/webapps/geoserver/data
2022-11-29 22:29:48,419 INFO [org.geoserver] - GeoServer configuration lock is enabled
2022-11-29 22:29:48,520 INFO [org.geoserver] - Loading catalog...
2022-11-29 22:29:48,591 INFO [org.geoserver] - Loaded style 'generic'
2022-11-29 22:29:48,593 INFO [org.geoserver] - Loaded style 'line'
2022-11-29 22:29:48,594 INFO [org.geoserver] - Loaded style 'point'
2022-11-29 22:29:48,595 INFO [org.geoserver] - Loaded style 'raster'
2022-11-29 22:29:48,596 INFO [org.geoserver] - Loaded style 'polygon'
2022-11-29 22:29:48,596 WARN [org.geoserver] - No default workspace was found.
2022-11-29 22:29:48,630 INFO [org.geoserver] - Loaded workspace 'it.geosolutions'
2022-11-29 22:29:48,687 INFO [org.geoserver] - Loaded workspace 'topp'
2022-11-29 22:29:48,695 INFO [org.geoserver] - Read catalog in 170.8 ms
2022-11-29 22:29:48,818 INFO [org.geoserver] - Loaded service 'WMTSInfoImpl--50b22b5e:184c582b68d:-7fff', enabled
2022-11-29 22:29:48,828 INFO [org.geoserver] - Loaded service 'wcs', enabled
2022-11-29 22:29:48,847 INFO [org.geoserver] - Loaded service 'wfs', enabled
2022-11-29 22:29:48,870 INFO [org.geoserver] - Loaded service 'wms', enabled
2022-11-29 22:29:48,911 INFO [config.GeoserverXMLResourceProvider] - Will look for 'geowebcache.xml' in directory '/usr/local/tomcat/webapps/geoserver/data/gwc'.
2022-11-29 22:29:49,011 WARN [config.GeoserverXMLResourceProvider] - Found no configuration file in config directory, will create one at 'gwc/geowebcache.xml' from template jar:file:/usr/local/tomcat/webapps/geoserver/WEB-INF/lib/gwc-core-1.19.2.jar!/geowebcache_empty.xml
2022-11-29 22:29:49,015 INFO [config.GeoserverXMLResourceProvider] - Found configuration file in gwc
2022-11-29 22:29:49,015 INFO [config.GeoserverXMLResourceProvider] - Found configuration file in gwc
2022-11-29 22:29:49,088 WARN [config.XMLConfiguration] - ********************************************************************************
2022-11-29 22:29:49,089 WARN [config.XMLConfiguration] - *** GWC configuration validation error: cvc-elt.1.a: Cannot find the declaration of element 'gwcConfiguration'.
2022-11-29 22:29:49,089 WARN [config.XMLConfiguration] - *** Will try to use configuration anyway. Please check the order of declared elements against the schema.
2022-11-29 22:29:49,090 WARN [config.XMLConfiguration] - ********************************************************************************
2022-11-29 22:29:49,178 INFO [config.XMLConfiguration] - Initializing GridSets from gwc
2022-11-29 22:29:49,181 INFO [config.XMLConfiguration] - Initializing layers from gwc
2022-11-29 22:29:49,251 INFO [gwc.layer] - Initializing GWC configuration based on GeoServer's Catalog
2022-11-29 22:29:49,252 INFO [gwc.layer] - GeoServer TileLayer store base directory is: gwc-layers
2022-11-29 22:29:49,252 INFO [gwc.layer] - Loading tile layers from gwc-layers
2022-11-29 22:29:49,259 INFO [gwc.layer] - Loaded 0 tile layers in 4.393 ms
2022-11-29 22:29:49,280 INFO [storage.BlobStoreAggregator] - BlobStoreConfiguration gwc contained no blob store infos.
2022-11-29 22:29:49,294 INFO [storage.DefaultStorageFinder] - ***************************************************************************************
2022-11-29 22:29:49,295 INFO [storage.DefaultStorageFinder] - *** Reverting to java.io.tmpdir null for storage. Please set GEOWEBCACHE_CACHE_DIR. ***
2022-11-29 22:29:49,295 INFO [storage.DefaultStorageFinder] - ***************************************************************************************
2022-11-29 22:29:49,449 INFO [gwc.config] - Initializing GeoServer specific GWC configuration from gwc-gs.xml
2022-11-29 22:29:49,614 INFO [config.GeoserverXMLResourceProvider] - Will look for 'geowebcache-diskquota.xml' in directory '/usr/local/tomcat/webapps/geoserver/data/gwc'.
2022-11-29 22:29:49,643 INFO [config.GeoserverXMLResourceProvider] - Will look for 'geowebcache-diskquota-jdbc.xml' in directory '/usr/local/tomcat/webapps/geoserver/data/gwc'.
2022-11-29 22:29:49,653 INFO [diskquota.ConfigLoader] - DiskQuota configuration is not readable: gwc/geowebcache-diskquota.xml
2022-11-29 22:29:49,670 INFO [diskquota.ConfigLoader] - DiskQuota configuration is not readable: gwc/geowebcache-diskquota.xml
2022-11-29 22:29:49,672 INFO [diskquota.DiskQuotaMonitor] - Setting up disk quota periodic enforcement task
2022-11-29 22:29:49,672 INFO [diskquota.DiskQuotaMonitor] - 0 layers configured with their own quotas. 
2022-11-29 22:29:49,675 INFO [diskquota.DiskQuotaMonitor] - 0 layers attached to global quota 500.0 MB
2022-11-29 22:29:49,689 INFO [diskquota.DiskQuotaMonitor] - Disk quota periodic enforcement task set up every 10 SECONDS
2022-11-29 22:29:50,003 INFO [geowebcache.GeoWebCacheDispatcher] - Invoked setServletPrefix(gwc)
2022-11-29 22:29:50,030 INFO [georss.GeoRSSPoller] - Initializing GeoRSS poller in a background job...
2022-11-29 22:29:50,034 INFO [georss.GeoRSSPoller] - No enabled GeoRSS feeds found, poller will not run.
2022-11-29 22:29:50,221 INFO [wms.WMSService] - Will NOT recombine tiles for non-tiling clients.
2022-11-29 22:29:50,221 INFO [wms.WMSService] - Will proxy requests to backend that are not getmap or getcapabilities.
2022-11-29 22:29:53,027 INFO [geoserver.platform] - Falling back to embedded data directory: /usr/local/tomcat/webapps/geoserver/data
2022-11-29 22:29:53,097 INFO [geoserver.config] - Initiated CatalogTimeStampUpdater
2022-11-29 22:29:58,106 INFO [geoserver.security] - Start security migration
2022-11-29 22:29:58,160 INFO [geoserver.security] - Information regarding the master password is in: security/masterpw.info
2022-11-29 22:29:59,137 INFO [geoserver.security] - Strong cryptography is available
2022-11-29 22:29:59,291 INFO [geoserver.security] - Start reloading user/groups for service named default
2022-11-29 22:29:59,295 INFO [geoserver.security] - Reloading user/groups successful for service named default
2022-11-29 22:29:59,471 WARN [geoserver.security] - Cannot find: /accessDenied.jsp
2022-11-29 22:29:59,496 WARN [geoserver.security] - Cannot find: /accessDenied.jsp
2022-11-29 22:29:59,503 WARN [geoserver.security] - Cannot find: /accessDenied.jsp
2022-11-29 22:29:59,508 WARN [geoserver.security] - Cannot find: /accessDenied.jsp
2022-11-29 22:29:59,527 INFO [geoserver.security] - Start encrypting configuration passwords using pbePasswordEncoder
2022-11-29 22:29:59,547 INFO [geoserver.security] - End encrypting configuration passwords
2022-11-29 22:29:59,566 WARN [geoserver.security] - Cannot find: /accessDenied.jsp
2022-11-29 22:29:59,583 WARN [geoserver.security] - Cannot find: /accessDenied.jsp
2022-11-29 22:29:59,587 WARN [geoserver.security] - Cannot find: /accessDenied.jsp
2022-11-29 22:29:59,594 WARN [geoserver.security] - Cannot find: /accessDenied.jsp
2022-11-29 22:29:59,603 INFO [geoserver.security] - AuthenticationCache Initialized with 1000 Max Entries, 300 seconds idle time, 600 seconds time to live and 3 concurrency level
2022-11-29 22:29:59,604 INFO [geoserver.security] - AuthenticationCache Eviction Task created to run every 600 seconds
2022-11-29 22:29:59,636 INFO [security.xml] - Successful lock: security/usergroup/default/users.xml.lock
2022-11-29 22:29:59,886 INFO [security.xml] - Successful lock: security/role/default/roles.xml.lock
2022-11-29 22:29:59,888 INFO [geoserver.security] - Start storing roles for service named default
2022-11-29 22:29:59,933 INFO [geoserver.security] - Storing roles successful for service named default
2022-11-29 22:29:59,933 INFO [geoserver.security] - Start reloading roles for service named default
2022-11-29 22:29:59,941 INFO [geoserver.security] - Reloading roles successful for service named default
2022-11-29 22:29:59,942 INFO [geoserver.security] - Adjusted last modified for file: security/role/default/roles.xml
2022-11-29 22:29:59,943 INFO [geoserver.security] - Start storing user/groups for service named default
2022-11-29 22:29:59,946 INFO [geoserver.security] - Storing user/groups successful for service named default
2022-11-29 22:29:59,946 INFO [geoserver.security] - Start reloading user/groups for service named default
2022-11-29 22:29:59,951 INFO [geoserver.security] - Reloading user/groups successful for service named default
2022-11-29 22:29:59,952 INFO [geoserver.security] - Adjusted last modified for file: security/usergroup/default/users.xml
2022-11-29 22:29:59,952 INFO [geoserver.security] - End security migration
2022-11-29 22:30:00,324 INFO [config.GeoserverXMLResourceProvider] - Found configuration file in gwc
2022-11-29 22:30:00,338 INFO [config.GeoserverXMLResourceProvider] - Found configuration file in gwc
2022-11-29 22:30:00,352 INFO [config.XMLConfiguration] - Wrote configuration to gwc
2022-11-29 22:30:04,220 INFO [platform.resource] - Notifying ENTRY_MODIFY change on /usr/local/tomcat/webapps/geoserver/data/security/usergroup/default/users.xml. Created: 0, removed: 0, modified: 0
2022-11-29 22:30:04,222 INFO [platform.resource] - Notifying ENTRY_MODIFY change on /usr/local/tomcat/webapps/geoserver/data/security/role/default/roles.xml. Created: 0, removed: 0, modified: 0
2022-11-29 22:30:04,222 INFO [geoserver.security] - Start reloading user/groups for service named default
2022-11-29 22:30:04,222 INFO [geoserver.security] - Start reloading roles for service named default
2022-11-29 22:30:04,239 INFO [geoserver.security] - Reloading user/groups successful for service named default
2022-11-29 22:30:04,239 INFO [geoserver.security] - Adjusted last modified for file: security/usergroup/default/users.xml
2022-11-29 22:30:04,241 INFO [geoserver.security] - Reloading roles successful for service named default
2022-11-29 22:30:04,241 INFO [geoserver.security] - Adjusted last modified for file: security/role/default/roles.xml
2022-11-29 22:31:44,272 INFO [georss.GeoRSSPoller] - destroy() invoked
2022-11-29 22:31:44,273 INFO [geowebcache.GeoWebCacheDispatcher] - GeoWebCacheDispatcher.destroy() was invoked, shutting down.
2022-11-29 22:31:44,273 INFO [diskquota.DiskQuotaMonitor] - Disk quota monitor shutting down...
2022-11-29 22:31:44,273 INFO [diskquota.DiskQuotaMonitor] - Shutting down quota usage monitor...
2022-11-29 22:31:44,274 INFO [diskquota.QuotaUpdatesMonitor] - Shutting down quota usage monitor...
2022-11-29 22:31:44,275 INFO [diskquota.DiskQuotaMonitor] - Shutting down quota statistics gathering monitor...
2022-11-29 22:31:44,275 INFO [diskquota.QueuedQuotaUpdatesConsumer] - Shutting down quota update background task due to InterruptedException
2022-11-29 22:31:44,275 INFO [diskquota.QueuedUsageStatsConsumer] - Shutting down quota update background task due to interrupted exception
2022-11-29 22:31:44,276 INFO [seed.SeederThreadPoolExecutor] - Initiating shut down for running and pending seed tasks...
2022-11-29 22:31:44,276 INFO [seed.SeederThreadPoolExecutor] - Seeder thread pool executor shut down complete.
2022-11-29 22:31:44,276 INFO [storage.DefaultStorageBroker] - Destroying StorageBroker
2022-11-29 22:31:44,280 WARN [support.DisposableBeanAdapter] - Destroy method 'destroy' on bean with name 'gwcMemoryBlobStore' threw an exception: java.util.concurrent.RejectedExecutionException: Task java.util.concurrent.FutureTask@2da9a41b[Not completed, task = org.geowebcache.storage.blobstore.memory.MemoryBlobStore$BlobStoreTask@6b143b98] rejected from java.util.concurrent.ThreadPoolExecutor@96cf88a[Terminated, pool size = 0, active threads = 0, queued tasks = 0, completed tasks = 1]
2022-11-29 22:31:44,282 WARN [support.DisposableBeanAdapter] - Invocation of destroy method failed on bean with name 'geoServerLoader': org.springframework.beans.factory.BeanCreationNotAllowedException: Error creating bean with name 'geoWebCacheExtensions': Singleton bean creation not allowed while singletons of this factory are in destruction (Do not request a bean from a BeanFactory in a destroy method implementation!)
2022-11-30 00:35:12,998 INFO [geoserver.platform] - Falling back to embedded data directory: /usr/local/tomcat/webapps/geoserver/data
2022-11-30 00:35:13,023 INFO [geoserver.platform] - Falling back to embedded data directory: /usr/local/tomcat/webapps/geoserver/data
2022-11-30 00:35:13,636 INFO [org.geoserver] - GeoServer configuration lock is enabled
2022-11-30 00:35:13,906 INFO [org.geoserver] - Loading catalog...
2022-11-30 00:35:14,059 INFO [org.geoserver] - Loaded style 'generic'
2022-11-30 00:35:14,061 INFO [org.geoserver] - Loaded style 'line'
2022-11-30 00:35:14,062 INFO [org.geoserver] - Loaded style 'point'
2022-11-30 00:35:14,063 INFO [org.geoserver] - Loaded style 'raster'
2022-11-30 00:35:14,064 INFO [org.geoserver] - Loaded style 'polygon'
2022-11-30 00:35:14,067 INFO [org.geoserver] - Loaded default workspace topp
2022-11-30 00:35:14,079 INFO [org.geoserver] - Read catalog in 167.4 ms
2022-11-30 00:35:14,300 INFO [org.geoserver] - Loaded service 'WMTSInfoImpl-622961dd:184c5f58afb:-8000', enabled
2022-11-30 00:35:14,314 INFO [org.geoserver] - Loaded service 'wcs', enabled
2022-11-30 00:35:14,339 INFO [org.geoserver] - Loaded service 'wfs', enabled
2022-11-30 00:35:14,370 INFO [org.geoserver] - Loaded service 'wms', enabled
2022-11-30 00:35:14,406 INFO [config.GeoserverXMLResourceProvider] - Will look for 'geowebcache.xml' in directory '/usr/local/tomcat/webapps/geoserver/data/gwc'.
2022-11-30 00:35:14,528 INFO [config.GeoserverXMLResourceProvider] - Found configuration file in gwc
2022-11-30 00:35:14,528 INFO [config.GeoserverXMLResourceProvider] - Found configuration file in gwc
2022-11-30 00:35:14,529 INFO [config.GeoserverXMLResourceProvider] - Found configuration file in gwc
2022-11-30 00:35:14,592 INFO [config.XMLConfiguration] - TileLayerConfiguration file validated fine.
2022-11-30 00:35:14,692 INFO [config.XMLConfiguration] - Initializing GridSets from gwc
2022-11-30 00:35:14,694 INFO [config.XMLConfiguration] - Read GridSet InspireCRS84Quad
2022-11-30 00:35:14,695 INFO [config.XMLConfiguration] - Initializing layers from gwc
2022-11-30 00:35:14,755 INFO [gwc.layer] - Initializing GWC configuration based on GeoServer's Catalog
2022-11-30 00:35:14,755 INFO [gwc.layer] - GeoServer TileLayer store base directory is: gwc-layers
2022-11-30 00:35:14,756 INFO [gwc.layer] - Loading tile layers from gwc-layers
2022-11-30 00:35:14,762 INFO [gwc.layer] - Loaded 0 tile layers in 4.357 ms
2022-11-30 00:35:14,782 INFO [storage.BlobStoreAggregator] - BlobStoreConfiguration gwc contained no blob store infos.
2022-11-30 00:35:14,800 INFO [storage.DefaultStorageFinder] - ***************************************************************************************
2022-11-30 00:35:14,800 INFO [storage.DefaultStorageFinder] - *** Reverting to java.io.tmpdir null for storage. Please set GEOWEBCACHE_CACHE_DIR. ***
2022-11-30 00:35:14,800 INFO [storage.DefaultStorageFinder] - ***************************************************************************************
2022-11-30 00:35:14,929 INFO [gwc.config] - Initializing GeoServer specific GWC configuration from gwc-gs.xml
2022-11-30 00:35:15,062 INFO [config.GeoserverXMLResourceProvider] - Will look for 'geowebcache-diskquota.xml' in directory '/usr/local/tomcat/webapps/geoserver/data/gwc'.
2022-11-30 00:35:15,075 INFO [config.GeoserverXMLResourceProvider] - Will look for 'geowebcache-diskquota-jdbc.xml' in directory '/usr/local/tomcat/webapps/geoserver/data/gwc'.
2022-11-30 00:35:15,080 INFO [diskquota.ConfigLoader] - DiskQuota configuration is not readable: gwc/geowebcache-diskquota.xml
2022-11-30 00:35:15,093 INFO [diskquota.ConfigLoader] - DiskQuota configuration is not readable: gwc/geowebcache-diskquota.xml
2022-11-30 00:35:15,095 INFO [diskquota.DiskQuotaMonitor] - Setting up disk quota periodic enforcement task
2022-11-30 00:35:15,095 INFO [diskquota.DiskQuotaMonitor] - 0 layers configured with their own quotas. 
2022-11-30 00:35:15,098 INFO [diskquota.DiskQuotaMonitor] - 0 layers attached to global quota 500.0 MB
2022-11-30 00:35:15,111 INFO [diskquota.DiskQuotaMonitor] - Disk quota periodic enforcement task set up every 10 SECONDS
2022-11-30 00:35:15,367 INFO [geowebcache.GeoWebCacheDispatcher] - Invoked setServletPrefix(gwc)
2022-11-30 00:35:15,386 INFO [georss.GeoRSSPoller] - Initializing GeoRSS poller in a background job...
2022-11-30 00:35:15,388 INFO [georss.GeoRSSPoller] - No enabled GeoRSS feeds found, poller will not run.
2022-11-30 00:35:15,544 INFO [wms.WMSService] - Will NOT recombine tiles for non-tiling clients.
2022-11-30 00:35:15,544 INFO [wms.WMSService] - Will proxy requests to backend that are not getmap or getcapabilities.
2022-11-30 00:35:18,009 INFO [geoserver.platform] - Falling back to embedded data directory: /usr/local/tomcat/webapps/geoserver/data
2022-11-30 00:35:18,143 INFO [geoserver.config] - Initiated CatalogTimeStampUpdater
2022-11-30 00:35:21,738 WARN [geoserver.security] - security/masterpw.info is a security risk. Please read this file and remove it afterward
2022-11-30 00:35:21,988 INFO [geoserver.security] - Start reloading user/groups for service named default
2022-11-30 00:35:21,993 INFO [geoserver.security] - Reloading user/groups successful for service named default
2022-11-30 00:35:22,145 INFO [geoserver.security] - AuthenticationCache Initialized with 1000 Max Entries, 300 seconds idle time, 600 seconds time to live and 3 concurrency level
2022-11-30 00:35:22,145 INFO [geoserver.security] - AuthenticationCache Eviction Task created to run every 600 seconds
